<?xml version="1.0" encoding="UTF-8"?>
<!-- Generated by org.testng.reporters.JUnitXMLReporter -->
<testsuite ignored="0" hostname="192.168.1.5" failures="0" tests="12" name="Surefire test" time="15.326" errors="0" timestamp="18 февр. 2023 17:08:01 GMT">
  <testcase classname="TestOrder" name="createOrderNotAuthorized on createOrderNotAuthorized(TestOrder)" time="7.858"/>
  <testcase classname="TestOrder" name="createOrderAuthorized on createOrderAuthorized(TestOrder)" time="8.894"/>
  <testcase classname="TestOrder" name="createOderWithNullIngredient on createOderWithNullIngredient(TestOrder)" time="9.633"/>
  <testcase classname="TestUserEditProfile" name="userEditLoginNotAuthorized on userEditLoginNotAuthorized(TestUserEditProfile)" time="0.83"/>
  <testcase classname="TestUserEditProfile" name="userEditAuthorized on userEditAuthorized(TestUserEditProfile)" time="1.536"/>
  <testcase classname="TestUserEditProfile" name="userEditNameNotAuthorized on userEditNameNotAuthorized(TestUserEditProfile)" time="2.181"/>
  <testcase classname="TestUserEditProfile" name="userEditNameAuthorized on userEditNameAuthorized(TestUserEditProfile)" time="2.88"/>
  <testcase classname="TestUserRegistration" name="creationSameUserFailed on creationSameUserFailed(TestUserRegistration)" time="0.498"/>
  <testcase classname="TestUserRegistration" name="userCreated on userCreated(TestUserRegistration)" time="0.858"/>
  <testcase classname="TestUserLogin" name="notLoggedInvalidEmail on notLoggedInvalidEmail(TestUserLogin)" time="0.482"/>
  <testcase classname="TestUserLogin" name="notLoggedInvalidPassword on notLoggedInvalidPassword(TestUserLogin)" time="1.024"/>
  <testcase classname="TestUserLogin" name="loggedIn on loggedIn(TestUserLogin)" time="1.603"/>
</testsuite> <!-- Surefire test -->
