<?xml version="1.0" encoding="UTF-8"?>
<testsuite xmlns:xsi="http://www.w3.org/2001/XMLSchema-instance" xsi:noNamespaceSchemaLocation="https://maven.apache.org/surefire/maven-surefire-plugin/xsd/surefire-test-report.xsd" name="TestSuite" time="19.24" tests="12" errors="0" skipped="0" failures="1">
  <properties>
[...]
</properties>
  <testcase name="createOrderNotAuthorized on createOrderNotAuthorized(TestOrder)" classname="TestOrder" time="9.71"/>
  <testcase name="createOrderAuthorized on createOrderAuthorized(TestOrder)" classname="TestOrder" time="10.876"/>
  <testcase name="createOderWithNullIngredient on createOderWithNullIngredient(TestOrder)" classname="TestOrder" time="11.57"/>
  <testcase name="userEditLoginNotAuthorized on userEditLoginNotAuthorized(TestUserEditProfile)" classname="TestUserEditProfile" time="12.301"/>
  <testcase name="userEditAuthorized on userEditAuthorized(TestUserEditProfile)" classname="TestUserEditProfile" time="13.028"/>
  <testcase name="userEditNameNotAuthorized on userEditNameNotAuthorized(TestUserEditProfile)" classname="TestUserEditProfile" time="13.838"/>
  <testcase name="userEditNameAuthorized on userEditNameAuthorized(TestUserEditProfile)" classname="TestUserEditProfile" time="15.173">
    <failure message="1 expectation failed.&#10;Expected status code &lt;200&gt; but was &lt;403&gt;.&#10;" type="java.lang.AssertionError"><![CDATA[java.lang.AssertionError: 
1 expectation failed.
Expected status code <200> but was <403>.

	at TestUserEditProfile.userEditNameAuthorized(TestUserEditProfile.java:48)
]]></failure>
    <system-err><![CDATA[[main] ERROR io.qameta.allure.AllureLifecycle - Could not start step: no test case running
[main] ERROR io.qameta.allure.AllureLifecycle - Could not update step: no step running
[main] ERROR io.qameta.allure.AllureLifecycle - Could not stop step: no step running
[main] ERROR io.qameta.allure.AllureLifecycle - Could not start step: no test case running
[main] ERROR io.qameta.allure.AllureLifecycle - Could not start step: no test case running
[main] ERROR io.qameta.allure.AllureLifecycle - Could not update step: no step running
[main] ERROR io.qameta.allure.AllureLifecycle - Could not stop step: no step running
[main] ERROR io.qameta.allure.AllureLifecycle - Could not start step: no test case running
[main] ERROR io.qameta.allure.AllureLifecycle - Could not update step: no step running
[main] ERROR io.qameta.allure.AllureLifecycle - Could not stop step: no step running
[main] ERROR io.qameta.allure.AllureLifecycle - Could not update step: no step running
[main] ERROR io.qameta.allure.AllureLifecycle - Could not stop step: no step running
[main] ERROR io.qameta.allure.AllureLifecycle - Could not start step: no test case running
[main] ERROR io.qameta.allure.AllureLifecycle - Could not update step: no step running
[main] ERROR io.qameta.allure.AllureLifecycle - Could not stop step: no step running
[main] ERROR io.qameta.allure.AllureLifecycle - Could not update test case: test case with uuid 15f72093-d1a9-4ca8-a368-b93229766d7a not found
[main] ERROR io.qameta.allure.AllureLifecycle - Could not stop test case: test case with uuid 15f72093-d1a9-4ca8-a368-b93229766d7a not found
[main] ERROR io.qameta.allure.AllureLifecycle - Could not write test case: test case with uuid 15f72093-d1a9-4ca8-a368-b93229766d7a not found
]]></system-err>
  </testcase>
  <testcase name="creationSameUserFailed on creationSameUserFailed(TestUserRegistration)" classname="TestUserRegistration" time="16.158"/>
  <testcase name="userCreated on userCreated(TestUserRegistration)" classname="TestUserRegistration" time="17.23"/>
  <testcase name="notLoggedInvalidEmail on notLoggedInvalidEmail(TestUserLogin)" classname="TestUserLogin" time="17.852"/>
  <testcase name="notLoggedInvalidPassword on notLoggedInvalidPassword(TestUserLogin)" classname="TestUserLogin" time="18.432"/>
  <testcase name="loggedIn on loggedIn(TestUserLogin)" classname="TestUserLogin" time="19.005"/>
</testsuite>